[06Apr2023 09:06:52.925] [User Authenticator #275/INFO] [net.minecraft.server.network.ServerLoginPacketListenerImpl/]: UUID of player lockza is 7706743b-5933-4e1c-96e8-3b3eafac3536
[06Apr2023 09:06:59.210] [Server thread/INFO] [net.minecraftforge.common.AdvancementLoadFix/]: Using new advancement loading for net.minecraft.server.PlayerAdvancements@6a6bfe10
[06Apr2023 09:06:59.218] [Server thread/INFO] [net.minecraft.server.players.PlayerList/]: lockza[/192.168.1.254:49719] logged in with entity id 4150284 at (1671.699999988079, 90.0, 1327.1750214315657)
[06Apr2023 09:06:59.222] [Server thread/INFO] [net.minecraft.server.MinecraftServer/]: lockza joined the game
[06Apr2023 09:06:59.231] [Server thread/INFO] [Jade/]: Syncing config to lockza (7706743b-5933-4e1c-96e8-3b3eafac3536)
[06Apr2023 09:11:17.975] [Server thread/INFO] [net.minecraft.server.network.ServerGamePacketListenerImpl/]: lockza lost connection: Disconnected
[06Apr2023 09:11:17.976] [Server thread/INFO] [net.minecraft.server.MinecraftServer/]: lockza left the game
[06Apr2023 09:11:28.350] [User Authenticator #276/INFO] [net.minecraft.server.network.ServerLoginPacketListenerImpl/]: UUID of player lockza is 7706743b-5933-4e1c-96e8-3b3eafac3536
[06Apr2023 09:11:34.610] [Server thread/INFO] [net.minecraftforge.common.AdvancementLoadFix/]: Using new advancement loading for net.minecraft.server.PlayerAdvancements@46522248
[06Apr2023 09:11:34.618] [Server thread/INFO] [net.minecraft.server.players.PlayerList/]: lockza[/192.168.1.254:49788] logged in with entity id 4151717 at (1953.7303437613452, 71.0, 1198.617219879808)
[06Apr2023 09:11:34.622] [Server thread/INFO] [net.minecraft.server.MinecraftServer/]: lockza joined the game
[06Apr2023 09:11:34.646] [Server thread/INFO] [Jade/]: Syncing config to lockza (7706743b-5933-4e1c-96e8-3b3eafac3536)
[06Apr2023 09:12:06.673] [Server thread/INFO] [net.minecraft.server.network.ServerGamePacketListenerImpl/]: lockza lost connection: Disconnected
[06Apr2023 09:12:06.673] [Server thread/INFO] [net.minecraft.server.MinecraftServer/]: lockza left the game
[06Apr2023 09:12:16.914] [User Authenticator #277/INFO] [net.minecraft.server.network.ServerLoginPacketListenerImpl/]: UUID of player lockza is 7706743b-5933-4e1c-96e8-3b3eafac3536
[06Apr2023 09:12:23.210] [Server thread/INFO] [net.minecraftforge.common.AdvancementLoadFix/]: Using new advancement loading for net.minecraft.server.PlayerAdvancements@49e7dae0
[06Apr2023 09:12:23.218] [Server thread/INFO] [net.minecraft.server.players.PlayerList/]: lockza[/192.168.1.254:49804] logged in with entity id 4152053 at (1957.6947562870812, 71.0, 1197.951345360382)
[06Apr2023 09:12:23.222] [Server thread/INFO] [net.minecraft.server.MinecraftServer/]: lockza joined the game
[06Apr2023 09:12:23.232] [Server thread/INFO] [Jade/]: Syncing config to lockza (7706743b-5933-4e1c-96e8-3b3eafac3536)
[06Apr2023 09:24:38.591] [Server thread/WARN] [net.minecraft.server.network.ServerGamePacketListenerImpl/]: lockza moved too quickly! 390.1140165066977,17.0,-708.8730402335002
[06Apr2023 09:45:34.524] [Server thread/INFO] [net.minecraft.server.MinecraftServer/]: lockza has made the advancement [Making Modifications]
[06Apr2023 09:46:02.077] [Server thread/INFO] [net.minecraft.server.network.ServerGamePacketListenerImpl/]: lockza lost connection: Disconnected
[06Apr2023 09:46:02.077] [Server thread/INFO] [net.minecraft.server.MinecraftServer/]: lockza left the game
[06Apr2023 09:47:11.742] [User Authenticator #278/INFO] [net.minecraft.server.network.ServerLoginPacketListenerImpl/]: UUID of player lockza is 7706743b-5933-4e1c-96e8-3b3eafac3536
[06Apr2023 09:47:18.017] [Server thread/INFO] [net.minecraftforge.common.AdvancementLoadFix/]: Using new advancement loading for net.minecraft.server.PlayerAdvancements@662ebc9d
[06Apr2023 09:47:18.025] [Server thread/INFO] [net.minecraft.server.players.PlayerList/]: lockza[/192.168.1.254:50492] logged in with entity id 4160928 at (1953.7407453399567, 71.0, 1198.3508352297517)
[06Apr2023 09:47:18.029] [Server thread/INFO] [net.minecraft.server.MinecraftServer/]: lockza joined the game
[06Apr2023 09:47:18.041] [Server thread/INFO] [Jade/]: Syncing config to lockza (7706743b-5933-4e1c-96e8-3b3eafac3536)
[06Apr2023 09:47:50.076] [Server thread/INFO] [net.minecraft.server.MinecraftServer/]: lockza was killed by radiation poisoning.
[06Apr2023 09:48:17.374] [Server thread/INFO] [net.minecraft.server.MinecraftServer/]: lockza was killed by radiation poisoning.
[06Apr2023 09:54:41.473] [Server thread/INFO] [net.minecraft.server.network.ServerGamePacketListenerImpl/]: lockza lost connection: Disconnected
[06Apr2023 09:54:41.473] [Server thread/INFO] [net.minecraft.server.MinecraftServer/]: lockza left the game
[06Apr2023 11:04:27.705] [User Authenticator #279/INFO] [net.minecraft.server.network.ServerLoginPacketListenerImpl/]: UUID of player lockza is 7706743b-5933-4e1c-96e8-3b3eafac3536
[06Apr2023 11:04:33.965] [Server thread/INFO] [net.minecraftforge.common.AdvancementLoadFix/]: Using new advancement loading for net.minecraft.server.PlayerAdvancements@58fba05f
[06Apr2023 11:04:33.974] [Server thread/INFO] [net.minecraft.server.players.PlayerList/]: lockza[/192.168.1.254:64096] logged in with entity id 4162794 at (1962.60810941785, 71.0, 1195.5086991073035)
[06Apr2023 11:04:33.979] [Server thread/INFO] [net.minecraft.server.MinecraftServer/]: lockza joined the game
[06Apr2023 11:04:33.991] [Server thread/INFO] [Jade/]: Syncing config to lockza (7706743b-5933-4e1c-96e8-3b3eafac3536)
[06Apr2023 11:05:41.322] [Server thread/INFO] [net.minecraft.server.network.ServerGamePacketListenerImpl/]: lockza lost connection: Disconnected
[06Apr2023 11:05:41.322] [Server thread/INFO] [net.minecraft.server.MinecraftServer/]: lockza left the game
[06Apr2023 11:15:54.690] [User Authenticator #280/INFO] [net.minecraft.server.network.ServerLoginPacketListenerImpl/]: UUID of player housspupi is 1de3cf53-fc78-4b99-a561-b3c202eb7865
[06Apr2023 11:16:00.963] [Server thread/INFO] [net.minecraftforge.common.AdvancementLoadFix/]: Using new advancement loading for net.minecraft.server.PlayerAdvancements@62d02d2a
[06Apr2023 11:16:00.970] [Server thread/INFO] [net.minecraft.server.players.PlayerList/]: housspupi[/176.168.227.33:50860] logged in with entity id 4163246 at (2081.3475613837613, 28.0, 1307.699999988079)
[06Apr2023 11:16:00.975] [Server thread/INFO] [net.minecraft.server.MinecraftServer/]: housspupi joined the game
[06Apr2023 11:16:00.977] [Server thread/INFO] [Jade/]: Syncing config to housspupi (1de3cf53-fc78-4b99-a561-b3c202eb7865)
[06Apr2023 11:16:01.448] [Server thread/WARN] [net.minecraft.server.level.ServerEntity/]: Fetching packet for removed entity ItemEntity['Air'/2858807, l='ServerLevel[world]', x=2060.50, y=63.00, z=1237.50, removed=DISCARDED]
[06Apr2023 11:16:01.448] [Server thread/WARN] [net.minecraft.server.level.ServerEntity/]: Fetching packet for removed entity ItemEntity['Air'/3973991, l='ServerLevel[world]', x=2060.50, y=62.00, z=1237.50, removed=DISCARDED]
[06Apr2023 11:16:01.450] [Server thread/WARN] [net.minecraft.server.level.ServerEntity/]: Fetching packet for removed entity ItemEntity['Air'/4075560, l='ServerLevel[world]', x=2066.50, y=62.00, z=1246.50, removed=DISCARDED]
[06Apr2023 11:19:46.772] [Server thread/INFO] [net.minecraft.server.network.ServerGamePacketListenerImpl/]: housspupi lost connection: Disconnected
[06Apr2023 11:19:46.772] [Server thread/INFO] [net.minecraft.server.MinecraftServer/]: housspupi left the game
